<?xml version="1.0" encoding="UTF-8"?>
<testsuite xmlns:xsi="http://www.w3.org/2001/XMLSchema-instance" xsi:noNamespaceSchemaLocation="https://maven.apache.org/surefire/maven-surefire-plugin/xsd/surefire-test-report-3.0.xsd" version="3.0" name="com.attendance.AttendanceApiIntegrationTest" time="14.189" tests="2" errors="0" skipped="0" failures="0">
  <properties>
[...]
</properties>
  <testcase name="studentRegistersCreatesEntryAdminSeesAll" classname="com.attendance.AttendanceApiIntegrationTest" time="2.394">
    <system-out><![CDATA[13:15:49.616 [main] INFO org.springframework.test.context.support.AnnotationConfigContextLoaderUtils -- Could not detect default configuration classes for test class [com.attendance.AttendanceApiIntegrationTest]: AttendanceApiIntegrationTest does not declare any static, non-private, non-final, nested classes annotated with @Configuration.
13:15:49.779 [main] INFO org.springframework.boot.test.context.SpringBootTestContextBootstrapper -- Found @SpringBootConfiguration com.attendance.AttendanceApplication for test class com.attendance.AttendanceApiIntegrationTest

  .   ____          _            __ _ _
 /\\ / ___'_ __ _ _(_)_ __  __ _ \ \ \ \
( ( )\___ | '_ | '_| | '_ \/ _` | \ \ \ \
 \\/  ___)| |_)| | | | | || (_| |  ) ) ) )
  '  |____| .__|_| |_|_| |_\__, | / / / /
 =========|_|==============|___/=/_/_/_/
 :: Spring Boot ::                (v3.2.5)

2026-03-28T13:15:50.705+05:30  INFO 17676 --- [attendance-api] [           main] c.a.AttendanceApiIntegrationTest         : Starting AttendanceApiIntegrationTest using Java 17.0.11 with PID 17676 (started by user in C:\Users\user\Desktop\Extra Attendance\backend)
2026-03-28T13:15:50.707+05:30  INFO 17676 --- [attendance-api] [           main] c.a.AttendanceApiIntegrationTest         : The following 1 profile is active: "test"
2026-03-28T13:15:52.272+05:30  INFO 17676 --- [attendance-api] [           main] .s.d.r.c.RepositoryConfigurationDelegate : Bootstrapping Spring Data JPA repositories in DEFAULT mode.
2026-03-28T13:15:52.369+05:30  INFO 17676 --- [attendance-api] [           main] .s.d.r.c.RepositoryConfigurationDelegate : Finished Spring Data repository scanning in 81 ms. Found 2 JPA repository interfaces.
2026-03-28T13:15:53.841+05:30  INFO 17676 --- [attendance-api] [           main] o.s.b.w.embedded.tomcat.TomcatWebServer  : Tomcat initialized with port 0 (http)
2026-03-28T13:15:53.874+05:30  INFO 17676 --- [attendance-api] [           main] o.apache.catalina.core.StandardService   : Starting service [Tomcat]
2026-03-28T13:15:53.876+05:30  INFO 17676 --- [attendance-api] [           main] o.apache.catalina.core.StandardEngine    : Starting Servlet engine: [Apache Tomcat/10.1.20]
2026-03-28T13:15:54.062+05:30  INFO 17676 --- [attendance-api] [           main] o.a.c.c.C.[Tomcat].[localhost].[/]       : Initializing Spring embedded WebApplicationContext
2026-03-28T13:15:54.067+05:30  INFO 17676 --- [attendance-api] [           main] w.s.c.ServletWebServerApplicationContext : Root WebApplicationContext: initialization completed in 3330 ms
2026-03-28T13:15:54.437+05:30  INFO 17676 --- [attendance-api] [           main] o.hibernate.jpa.internal.util.LogHelper  : HHH000204: Processing PersistenceUnitInfo [name: default]
2026-03-28T13:15:54.638+05:30  INFO 17676 --- [attendance-api] [           main] org.hibernate.Version                    : HHH000412: Hibernate ORM core version 6.4.4.Final
2026-03-28T13:15:54.738+05:30  INFO 17676 --- [attendance-api] [           main] o.h.c.internal.RegionFactoryInitiator    : HHH000026: Second-level cache disabled
2026-03-28T13:15:55.371+05:30  INFO 17676 --- [attendance-api] [           main] o.s.o.j.p.SpringPersistenceUnitInfo      : No LoadTimeWeaver setup: ignoring JPA class transformer
2026-03-28T13:15:55.446+05:30  INFO 17676 --- [attendance-api] [           main] com.zaxxer.hikari.HikariDataSource       : HikariPool-1 - Starting...
2026-03-28T13:15:55.932+05:30  INFO 17676 --- [attendance-api] [           main] com.zaxxer.hikari.pool.HikariPool        : HikariPool-1 - Added connection conn0: url=jdbc:h2:mem:attendance_test user=SA
2026-03-28T13:15:55.937+05:30  INFO 17676 --- [attendance-api] [           main] com.zaxxer.hikari.HikariDataSource       : HikariPool-1 - Start completed.
2026-03-28T13:15:56.014+05:30  WARN 17676 --- [attendance-api] [           main] org.hibernate.orm.deprecation            : HHH90000025: H2Dialect does not need to be specified explicitly using 'hibernate.dialect' (remove the property setting and it will be selected by default)
2026-03-28T13:15:57.597+05:30  INFO 17676 --- [attendance-api] [           main] o.h.e.t.j.p.i.JtaPlatformInitiator       : HHH000489: No JTA platform available (set 'hibernate.transaction.jta.platform' to enable JTA platform integration)
2026-03-28T13:15:57.666+05:30  INFO 17676 --- [attendance-api] [           main] j.LocalContainerEntityManagerFactoryBean : Initialized JPA EntityManagerFactory for persistence unit 'default'
2026-03-28T13:15:58.412+05:30  INFO 17676 --- [attendance-api] [           main] o.s.d.j.r.query.QueryEnhancerFactory     : Hibernate is in classpath; If applicable, HQL parser will be used.
2026-03-28T13:15:59.460+05:30  WARN 17676 --- [attendance-api] [           main] JpaBaseConfiguration$JpaWebConfiguration : spring.jpa.open-in-view is enabled by default. Therefore, database queries may be performed during view rendering. Explicitly configure spring.jpa.open-in-view to disable this warning
2026-03-28T13:16:00.123+05:30  INFO 17676 --- [attendance-api] [           main] o.s.s.web.DefaultSecurityFilterChain     : Will secure any request with [org.springframework.security.web.session.DisableEncodeUrlFilter@412b90cc, org.springframework.security.web.context.request.async.WebAsyncManagerIntegrationFilter@6232cde5, org.springframework.security.web.context.SecurityContextHolderFilter@67e03fe4, org.springframework.security.web.header.HeaderWriterFilter@26aecf31, org.springframework.web.filter.CorsFilter@4b75d640, org.springframework.security.web.authentication.logout.LogoutFilter@d0971cd, com.attendance.security.JwtAuthFilter@14b9817b, org.springframework.security.web.savedrequest.RequestCacheAwareFilter@6d66a248, org.springframework.security.web.servletapi.SecurityContextHolderAwareRequestFilter@29617475, org.springframework.security.web.authentication.AnonymousAuthenticationFilter@4e9b66ab, org.springframework.security.web.session.SessionManagementFilter@2f7af3d0, org.springframework.security.web.access.ExceptionTranslationFilter@7aca4144, org.springframework.security.web.access.intercept.AuthorizationFilter@28817763]
2026-03-28T13:16:00.771+05:30  INFO 17676 --- [attendance-api] [           main] o.s.b.w.embedded.tomcat.TomcatWebServer  : Tomcat started on port 54646 (http) with context path ''
2026-03-28T13:16:00.793+05:30  INFO 17676 --- [attendance-api] [           main] c.a.AttendanceApiIntegrationTest         : Started AttendanceApiIntegrationTest in 10.607 seconds (process running for 12.583)
2026-03-28T13:16:02.272+05:30  INFO 17676 --- [attendance-api] [o-auto-1-exec-1] o.a.c.c.C.[Tomcat].[localhost].[/]       : Initializing Spring DispatcherServlet 'dispatcherServlet'
2026-03-28T13:16:02.273+05:30  INFO 17676 --- [attendance-api] [o-auto-1-exec-1] o.s.web.servlet.DispatcherServlet        : Initializing Servlet 'dispatcherServlet'
2026-03-28T13:16:02.274+05:30  INFO 17676 --- [attendance-api] [o-auto-1-exec-1] o.s.web.servlet.DispatcherServlet        : Completed initialization in 1 ms
]]></system-out>
  </testcase>
  <testcase name="studentCannotAccessAdminApi" classname="com.attendance.AttendanceApiIntegrationTest" time="0.262"/>
</testsuite>